INFO 2019-11-06 10:53:30,433 2: test updated project None
INFO 2019-11-06 10:54:14,324 2: test created document None
INFO 2019-11-12 17:20:29,869 2: test created document None
INFO 2019-11-12 17:20:30,574 2: test created document None
INFO 2019-11-12 17:23:35,947 2: test created document None
INFO 2019-11-12 17:23:36,522 2: test created document None
INFO 2019-11-12 17:24:06,366 2: test created document None
INFO 2019-11-12 17:24:06,950 2: test created document None
INFO 2019-11-12 17:38:01,472 2: test created document None
INFO 2019-11-12 17:38:02,263 2: test created document None
INFO 2019-11-12 18:25:17,421 2: test created document None
INFO 2019-11-12 18:25:20,661 2: test created document None
INFO 2019-11-12 18:26:22,068 2: test created document None
INFO 2019-11-12 18:26:23,017 2: test created document None
INFO 2019-11-12 18:37:50,506 2: test created document None
INFO 2019-11-12 18:37:51,219 2: test created document None
INFO 2019-11-19 17:18:59,037 2: test created document None
INFO 2019-11-19 17:24:58,785 2: test deleted document None
INFO 2019-11-19 17:25:10,784 2: test created document None
INFO 2019-11-19 17:25:17,223 2: test created document None
ERROR 2019-11-19 17:48:53,701 2: test block creation failed: {'name': [ErrorDetail(string='This field is required.', code='required')]}
INFO 2019-11-19 18:13:41,221 2: test created project: Test project 23
INFO 2019-11-19 18:14:55,772 2: test created project: Test project 23
INFO 2019-11-19 18:15:35,553 2: test created project: Test project 23
INFO 2019-11-19 18:15:56,469 2: test created project: Test project 23
INFO 2019-11-19 18:16:39,647 2: test created project: Test project 23
INFO 2019-11-19 18:21:04,184 2: test created project: Test project 23
